<?xml version="1.0" encoding="UTF-8"?>
<!-- Generated by org.testng.reporters.JUnitXMLReporter -->
<testsuite ignored="0" hostname="VinothKumarG" failures="0" tests="6" name="Test" time="141.555" errors="0" timestamp="2023-11-27T22:40:24 IST">
  <testcase classname="org.OrangeHRM.TestCase.Verify_Admin_Module" name="Verify_admin_able_to_create_new_user" time="33.883"/>
  <testcase classname="org.OrangeHRM.TestCase.Verify_Admin_Module" name="verify_user_able_to_add_Job_category" time="28.092"/>
  <testcase classname="org.OrangeHRM.TestCase.Verify_Admin_Module" name="verify_user_able_to_add_emp_status" time="26.546"/>
  <testcase classname="org.OrangeHRM.TestCase.Verify_Admin_Module" name="verify_user_able_to_add_job_title" time="19.336"/>
  <testcase classname="org.OrangeHRM.TestCase.Verify_Admin_Module" name="verify_user_able_to_add_work_Shift" time="10.255"/>
  <testcase classname="org.OrangeHRM.TestCase.Verify_Admin_Module" name="verify_user_is_able_to_add_pay_grade" time="22.234"/>
</testsuite> <!-- Test -->
