<?xml version="1.0" encoding="UTF-8"?>
<testng-results ignored="0" total="6" passed="6" failed="0" skipped="0">
  <reporter-output>
  </reporter-output>
  <suite started-at="2023-11-27T22:38:02 IST" name="Suite" finished-at="2023-11-27T22:40:24 IST" duration-ms="141555">
    <groups>
    </groups>
    <test started-at="2023-11-27T22:38:02 IST" name="Test" finished-at="2023-11-27T22:40:24 IST" duration-ms="141555">
      <class name="org.OrangeHRM.TestCase.Verify_Admin_Module">
        <test-method signature="Verify_admin_able_to_create_new_user()[pri:0, instance:org.OrangeHRM.TestCase.Verify_Admin_Module@2e54db99]" started-at="2023-11-27T22:38:02 IST" name="Verify_admin_able_to_create_new_user" finished-at="2023-11-27T22:38:36 IST" duration-ms="33883" status="PASS">
          <reporter-output>
          </reporter-output>
        </test-method> <!-- Verify_admin_able_to_create_new_user -->
        <test-method is-config="true" signature="tearDown()[pri:0, instance:org.OrangeHRM.TestCase.Verify_Admin_Module@2e54db99]" started-at="2023-11-27T22:38:36 IST" name="tearDown" finished-at="2023-11-27T22:38:36 IST" duration-ms="222" status="PASS">
          <reporter-output>
          </reporter-output>
        </test-method> <!-- tearDown -->
        <test-method signature="verify_user_able_to_add_Job_category()[pri:0, instance:org.OrangeHRM.TestCase.Verify_Admin_Module@2e54db99]" started-at="2023-11-27T22:38:36 IST" name="verify_user_able_to_add_Job_category" finished-at="2023-11-27T22:39:04 IST" duration-ms="28092" status="PASS">
          <reporter-output>
          </reporter-output>
        </test-method> <!-- verify_user_able_to_add_Job_category -->
        <test-method is-config="true" signature="tearDown()[pri:0, instance:org.OrangeHRM.TestCase.Verify_Admin_Module@2e54db99]" started-at="2023-11-27T22:39:04 IST" name="tearDown" finished-at="2023-11-27T22:39:04 IST" duration-ms="182" status="PASS">
          <reporter-output>
          </reporter-output>
        </test-method> <!-- tearDown -->
        <test-method signature="verify_user_able_to_add_emp_status()[pri:0, instance:org.OrangeHRM.TestCase.Verify_Admin_Module@2e54db99]" started-at="2023-11-27T22:39:04 IST" name="verify_user_able_to_add_emp_status" finished-at="2023-11-27T22:39:31 IST" duration-ms="26546" status="PASS">
          <reporter-output>
          </reporter-output>
        </test-method> <!-- verify_user_able_to_add_emp_status -->
        <test-method is-config="true" signature="tearDown()[pri:0, instance:org.OrangeHRM.TestCase.Verify_Admin_Module@2e54db99]" started-at="2023-11-27T22:39:31 IST" name="tearDown" finished-at="2023-11-27T22:39:31 IST" duration-ms="250" status="PASS">
          <reporter-output>
          </reporter-output>
        </test-method> <!-- tearDown -->
        <test-method signature="verify_user_able_to_add_job_title()[pri:0, instance:org.OrangeHRM.TestCase.Verify_Admin_Module@2e54db99]" started-at="2023-11-27T22:39:31 IST" name="verify_user_able_to_add_job_title" finished-at="2023-11-27T22:39:50 IST" duration-ms="19336" status="PASS">
          <reporter-output>
          </reporter-output>
        </test-method> <!-- verify_user_able_to_add_job_title -->
        <test-method is-config="true" signature="tearDown()[pri:0, instance:org.OrangeHRM.TestCase.Verify_Admin_Module@2e54db99]" started-at="2023-11-27T22:39:50 IST" name="tearDown" finished-at="2023-11-27T22:39:51 IST" duration-ms="191" status="PASS">
          <reporter-output>
          </reporter-output>
        </test-method> <!-- tearDown -->
        <test-method signature="verify_user_able_to_add_work_Shift()[pri:0, instance:org.OrangeHRM.TestCase.Verify_Admin_Module@2e54db99]" started-at="2023-11-27T22:39:51 IST" name="verify_user_able_to_add_work_Shift" finished-at="2023-11-27T22:40:01 IST" duration-ms="10255" status="PASS">
          <reporter-output>
          </reporter-output>
        </test-method> <!-- verify_user_able_to_add_work_Shift -->
        <test-method is-config="true" signature="tearDown()[pri:0, instance:org.OrangeHRM.TestCase.Verify_Admin_Module@2e54db99]" started-at="2023-11-27T22:40:01 IST" name="tearDown" finished-at="2023-11-27T22:40:01 IST" duration-ms="191" status="PASS">
          <reporter-output>
          </reporter-output>
        </test-method> <!-- tearDown -->
        <test-method signature="verify_user_is_able_to_add_pay_grade()[pri:0, instance:org.OrangeHRM.TestCase.Verify_Admin_Module@2e54db99]" started-at="2023-11-27T22:40:01 IST" name="verify_user_is_able_to_add_pay_grade" finished-at="2023-11-27T22:40:23 IST" duration-ms="22234" status="PASS">
          <reporter-output>
          </reporter-output>
        </test-method> <!-- verify_user_is_able_to_add_pay_grade -->
        <test-method is-config="true" signature="tearDown()[pri:0, instance:org.OrangeHRM.TestCase.Verify_Admin_Module@2e54db99]" started-at="2023-11-27T22:40:23 IST" name="tearDown" finished-at="2023-11-27T22:40:24 IST" duration-ms="138" status="PASS">
          <reporter-output>
          </reporter-output>
        </test-method> <!-- tearDown -->
      </class> <!-- org.OrangeHRM.TestCase.Verify_Admin_Module -->
    </test> <!-- Test -->
  </suite> <!-- Suite -->
</testng-results>
