<?xml version="1.0" encoding="UTF-8"?>
<testsuite name="Test"
           tests="6"
           failures="0"
           errors="0"
           skipped="0"
           time="140.346">
  <properties />
  
  
            <testcase name="verify_user_able_to_add_emp_status" time="26.546" classname="org.OrangeHRM.TestCase.Verify_Admin_Module" />
                <testcase name="verify_user_is_able_to_add_pay_grade" time="22.234" classname="org.OrangeHRM.TestCase.Verify_Admin_Module" />
                <testcase name="verify_user_able_to_add_Job_category" time="28.092" classname="org.OrangeHRM.TestCase.Verify_Admin_Module" />
                <testcase name="Verify_admin_able_to_create_new_user" time="33.883" classname="org.OrangeHRM.TestCase.Verify_Admin_Module" />
                <testcase name="verify_user_able_to_add_job_title" time="19.336" classname="org.OrangeHRM.TestCase.Verify_Admin_Module" />
                <testcase name="verify_user_able_to_add_work_Shift" time="10.255" classname="org.OrangeHRM.TestCase.Verify_Admin_Module" />
      
</testsuite>
